<?xml version="1.0" encoding="UTF-8"?>
<!-- Generated by org.testng.reporters.JUnitXMLReporter -->
<testsuite hostname="kuldy" name="Default test" tests="6" failures="0" timestamp="10 May 2019 10:14:43 GMT" time="83.75" errors="0">
  <testcase name="validateAddText" time="0.439" classname="com.crm.qa.testcasespack.HomePageTest"/>
  <testcase name="validateCalendarAndTasks" time="2.48" classname="com.crm.qa.testcasespack.HomePageTest"/>
  <testcase name="validateCases" time="2.415" classname="com.crm.qa.testcasespack.HomePageTest"/>
  <testcase name="validatePeopleAndOrganisations" time="2.417" classname="com.crm.qa.testcasespack.HomePageTest"/>
  <testcase name="validateSalesPipeline" time="2.495" classname="com.crm.qa.testcasespack.HomePageTest"/>
  <testcase name="validatedashBoardButton" time="0.275" classname="com.crm.qa.testcasespack.HomePageTest"/>
</testsuite> <!-- Default test -->
