<?xml version="1.0" encoding="UTF-8"?>
<!-- Generated by org.testng.reporters.JUnitXMLReporter -->
<testsuite hostname="kuldy" ignored="0" name="Test" tests="14" failures="0" timestamp="14 Mar 2019 10:14:38 GMT" time="379.374" errors="0">
  <testcase name="validateAddText" time="0.749" classname="com.crm.qa.testcasespack.HomePageTest"/>
  <testcase name="validateCalendarAndTasks" time="3.01" classname="com.crm.qa.testcasespack.HomePageTest"/>
  <testcase name="validateCases" time="2.648" classname="com.crm.qa.testcasespack.HomePageTest"/>
  <testcase name="validatePeopleAndOrganisations" time="2.551" classname="com.crm.qa.testcasespack.HomePageTest"/>
  <testcase name="validateSalesPipeline" time="2.599" classname="com.crm.qa.testcasespack.HomePageTest"/>
  <testcase name="validatedashBoardButton" time="0.438" classname="com.crm.qa.testcasespack.HomePageTest"/>
  <testcase name="submitAddTask" time="11.016" classname="com.crm.qa.testcasespack.AddTaskPageTest"/>
  <testcase name="submitAddTask" time="9.655" classname="com.crm.qa.testcasespack.AddTaskPageTest"/>
  <testcase name="submitAddTask" time="11.122" classname="com.crm.qa.testcasespack.AddTaskPageTest"/>
  <testcase name="addNewPersonTest" time="23.244" classname="com.crm.qa.testcasespack.PeopleAndOrganisationsTest"/>
  <testcase name="addNewPersonTest" time="33.666" classname="com.crm.qa.testcasespack.PeopleAndOrganisationsTest"/>
  <testcase name="addNewPersonTest" time="15.999" classname="com.crm.qa.testcasespack.PeopleAndOrganisationsTest"/>
  <testcase name="addNewPersonTest" time="15.912" classname="com.crm.qa.testcasespack.PeopleAndOrganisationsTest"/>
  <testcase name="validateAddPerson" time="4.496" classname="com.crm.qa.testcasespack.PeopleAndOrganisationsTest"/>
</testsuite> <!-- Test -->
