<?xml version="1.0" encoding="UTF-8"?>
<testsuite xmlns:xsi="http://www.w3.org/2001/XMLSchema-instance" xsi:noNamespaceSchemaLocation="https://maven.apache.org/surefire/maven-surefire-plugin/xsd/surefire-test-report.xsd" name="TestSuite" time="307.694" tests="14" errors="0" skipped="0" failures="1">
  <properties>
[...]
</properties>
  <testcase name="validateAddText" classname="com.crm.qa.testcasespack.HomePageTest" time="0.39"/>
  <testcase name="validateCalendarAndTasks" classname="com.crm.qa.testcasespack.HomePageTest" time="2.695"/>
  <testcase name="validateCases" classname="com.crm.qa.testcasespack.HomePageTest" time="2.394"/>
  <testcase name="validatePeopleAndOrganisations" classname="com.crm.qa.testcasespack.HomePageTest" time="2.632"/>
  <testcase name="validateSalesPipeline" classname="com.crm.qa.testcasespack.HomePageTest" time="2.444"/>
  <testcase name="validatedashBoardButton" classname="com.crm.qa.testcasespack.HomePageTest" time="0.285"/>
  <testcase name="submitAddTask" classname="com.crm.qa.testcasespack.AddTaskPageTest" time="7.185"/>
  <testcase name="submitAddTask" classname="com.crm.qa.testcasespack.AddTaskPageTest" time="7.121"/>
  <testcase name="submitAddTask" classname="com.crm.qa.testcasespack.AddTaskPageTest" time="20.745">
    <failure message="no such element: Unable to locate element: {&quot;method&quot;:&quot;xpath&quot;,&quot;selector&quot;:&quot;//button[contains(text(),&apos;Add Task&apos;)]&quot;}&#10;  (Session info: chrome=72.0.3626.121)&#10;  (Driver info: chromedriver=2.42.591088 (7b2b2dca23cca0862f674758c9a3933e685c27d5),platform=Windows NT 6.3.9600 x86_64) (WARNING: The server did not provide any stacktrace information)&#10;Command duration or timeout: 0 milliseconds&#10;For documentation on this error, please visit: http://seleniumhq.org/exceptions/no_such_element.html&#10;Build info: version: &apos;3.14.0&apos;, revision: &apos;aacccce0&apos;, time: &apos;2018-08-02T20:19:58.91Z&apos;&#10;System info: host: &apos;KULDY&apos;, ip: &apos;192.168.0.102&apos;, os.name: &apos;Windows 8.1&apos;, os.arch: &apos;amd64&apos;, os.version: &apos;6.3&apos;, java.version: &apos;1.8.0_201&apos;&#10;Driver info: org.openqa.selenium.chrome.ChromeDriver&#10;Capabilities {acceptInsecureCerts: false, acceptSslCerts: false, applicationCacheEnabled: false, browserConnectionEnabled: false, browserName: chrome, chrome: {chromedriverVersion: 2.42.591088 (7b2b2dca23cca0..., userDataDir: C:\Windows\TEMP\scoped_dir3...}, cssSelectorsEnabled: true, databaseEnabled: false, goog:chromeOptions: {debuggerAddress: localhost:51169}, handlesAlerts: true, hasTouchScreen: false, javascriptEnabled: true, locationContextEnabled: true, mobileEmulationEnabled: false, nativeEvents: true, networkConnectionEnabled: false, pageLoadStrategy: normal, platform: XP, platformName: XP, rotatable: false, setWindowRect: true, takesHeapSnapshot: true, takesScreenshot: true, unexpectedAlertBehaviour: , unhandledPromptBehavior: , version: 72.0.3626.121, webStorageEnabled: true}&#10;Session ID: 097cd494149479c704775a9d1d2ba1c9&#10;*** Element info: {Using=xpath, value=//button[contains(text(),&apos;Add Task&apos;)]}" type="org.openqa.selenium.NoSuchElementException">org.openqa.selenium.NoSuchElementException: 
no such element: Unable to locate element: {"method":"xpath","selector":"//button[contains(text(),'Add Task')]"}
  (Session info: chrome=72.0.3626.121)
  (Driver info: chromedriver=2.42.591088 (7b2b2dca23cca0862f674758c9a3933e685c27d5),platform=Windows NT 6.3.9600 x86_64) (WARNING: The server did not provide any stacktrace information)
Command duration or timeout: 0 milliseconds
For documentation on this error, please visit: http://seleniumhq.org/exceptions/no_such_element.html
Build info: version: '3.14.0', revision: 'aacccce0', time: '2018-08-02T20:19:58.91Z'
System info: host: 'KULDY', ip: '192.168.0.102', os.name: 'Windows 8.1', os.arch: 'amd64', os.version: '6.3', java.version: '1.8.0_201'
Driver info: org.openqa.selenium.chrome.ChromeDriver
Capabilities {acceptInsecureCerts: false, acceptSslCerts: false, applicationCacheEnabled: false, browserConnectionEnabled: false, browserName: chrome, chrome: {chromedriverVersion: 2.42.591088 (7b2b2dca23cca0..., userDataDir: C:\Windows\TEMP\scoped_dir3...}, cssSelectorsEnabled: true, databaseEnabled: false, goog:chromeOptions: {debuggerAddress: localhost:51169}, handlesAlerts: true, hasTouchScreen: false, javascriptEnabled: true, locationContextEnabled: true, mobileEmulationEnabled: false, nativeEvents: true, networkConnectionEnabled: false, pageLoadStrategy: normal, platform: XP, platformName: XP, rotatable: false, setWindowRect: true, takesHeapSnapshot: true, takesScreenshot: true, unexpectedAlertBehaviour: , unhandledPromptBehavior: , version: 72.0.3626.121, webStorageEnabled: true}
Session ID: 097cd494149479c704775a9d1d2ba1c9
*** Element info: {Using=xpath, value=//button[contains(text(),'Add Task')]}
	at com.crm.qa.testcasespack.AddTaskPageTest.submitAddTask(AddTaskPageTest.java:39)
</failure>
    <system-out><![CDATA[browserNAme chrome
launch the Browser
]]></system-out>
    <system-err><![CDATA[Starting ChromeDriver 2.42.591088 (7b2b2dca23cca0862f674758c9a3933e685c27d5) on port 39632
Only local connections are allowed.
Mar 14, 2019 5:36:52 PM org.openqa.selenium.remote.ProtocolHandshake createSession
INFO: Detected dialect: OSS
]]></system-err>
  </testcase>
  <testcase name="addNewPersonTest" classname="com.crm.qa.testcasespack.PeopleAndOrganisationsTest" time="17.227"/>
  <testcase name="addNewPersonTest" classname="com.crm.qa.testcasespack.PeopleAndOrganisationsTest" time="16.209"/>
  <testcase name="addNewPersonTest" classname="com.crm.qa.testcasespack.PeopleAndOrganisationsTest" time="16.362"/>
  <testcase name="addNewPersonTest" classname="com.crm.qa.testcasespack.PeopleAndOrganisationsTest" time="17.097"/>
  <testcase name="validateAddPerson" classname="com.crm.qa.testcasespack.PeopleAndOrganisationsTest" time="4.47"/>
</testsuite>