<?xml version="1.0" encoding="UTF-8"?>
<testng-results skipped="0" failed="0" ignored="0" total="10" passed="10">
  <reporter-output>
  </reporter-output>
  <suite name="Suite" duration-ms="175933" started-at="2019-04-24T07:10:02Z" finished-at="2019-04-24T07:12:58Z">
    <groups>
    </groups>
    <test name="Test" duration-ms="175933" started-at="2019-04-24T07:10:02Z" finished-at="2019-04-24T07:12:58Z">
      <class name="com.crm.qa.testcasespack.HomePageTest">
        <test-method status="PASS" signature="setUp()[pri:0, instance:com.crm.qa.testcasespack.HomePageTest@3551a94]" name="setUp" is-config="true" duration-ms="19756" started-at="2019-04-24T07:10:03Z" finished-at="2019-04-24T07:10:22Z">
          <reporter-output>
          </reporter-output>
        </test-method> <!-- setUp -->
        <test-method status="PASS" signature="validateAddText()[pri:0, instance:com.crm.qa.testcasespack.HomePageTest@3551a94]" name="validateAddText" duration-ms="544" started-at="2019-04-24T07:10:22Z" finished-at="2019-04-24T07:10:23Z">
          <reporter-output>
          </reporter-output>
        </test-method> <!-- validateAddText -->
        <test-method status="PASS" signature="tearDown()[pri:0, instance:com.crm.qa.testcasespack.HomePageTest@3551a94]" name="tearDown" is-config="true" duration-ms="1016" started-at="2019-04-24T07:10:23Z" finished-at="2019-04-24T07:10:24Z">
          <reporter-output>
          </reporter-output>
        </test-method> <!-- tearDown -->
        <test-method status="PASS" signature="setUp()[pri:0, instance:com.crm.qa.testcasespack.HomePageTest@3551a94]" name="setUp" is-config="true" duration-ms="12657" started-at="2019-04-24T07:10:24Z" finished-at="2019-04-24T07:10:37Z">
          <reporter-output>
          </reporter-output>
        </test-method> <!-- setUp -->
        <test-method status="PASS" signature="validateCalendarAndTasks()[pri:0, instance:com.crm.qa.testcasespack.HomePageTest@3551a94]" name="validateCalendarAndTasks" duration-ms="4523" started-at="2019-04-24T07:10:37Z" finished-at="2019-04-24T07:10:41Z">
          <reporter-output>
          </reporter-output>
        </test-method> <!-- validateCalendarAndTasks -->
        <test-method status="PASS" signature="tearDown()[pri:0, instance:com.crm.qa.testcasespack.HomePageTest@3551a94]" name="tearDown" is-config="true" duration-ms="1147" started-at="2019-04-24T07:10:41Z" finished-at="2019-04-24T07:10:42Z">
          <reporter-output>
          </reporter-output>
        </test-method> <!-- tearDown -->
        <test-method status="PASS" signature="setUp()[pri:0, instance:com.crm.qa.testcasespack.HomePageTest@3551a94]" name="setUp" is-config="true" duration-ms="17120" started-at="2019-04-24T07:10:42Z" finished-at="2019-04-24T07:10:59Z">
          <reporter-output>
          </reporter-output>
        </test-method> <!-- setUp -->
        <test-method status="PASS" signature="validateCases()[pri:0, instance:com.crm.qa.testcasespack.HomePageTest@3551a94]" name="validateCases" duration-ms="2376" started-at="2019-04-24T07:10:59Z" finished-at="2019-04-24T07:11:02Z">
          <reporter-output>
          </reporter-output>
        </test-method> <!-- validateCases -->
        <test-method status="PASS" signature="tearDown()[pri:0, instance:com.crm.qa.testcasespack.HomePageTest@3551a94]" name="tearDown" is-config="true" duration-ms="930" started-at="2019-04-24T07:11:02Z" finished-at="2019-04-24T07:11:03Z">
          <reporter-output>
          </reporter-output>
        </test-method> <!-- tearDown -->
        <test-method status="PASS" signature="setUp()[pri:0, instance:com.crm.qa.testcasespack.HomePageTest@3551a94]" name="setUp" is-config="true" duration-ms="11566" started-at="2019-04-24T07:11:03Z" finished-at="2019-04-24T07:11:14Z">
          <reporter-output>
          </reporter-output>
        </test-method> <!-- setUp -->
        <test-method status="PASS" signature="validatePeopleAndOrganisations()[pri:0, instance:com.crm.qa.testcasespack.HomePageTest@3551a94]" name="validatePeopleAndOrganisations" duration-ms="3200" started-at="2019-04-24T07:11:14Z" finished-at="2019-04-24T07:11:17Z">
          <reporter-output>
          </reporter-output>
        </test-method> <!-- validatePeopleAndOrganisations -->
        <test-method status="PASS" signature="tearDown()[pri:0, instance:com.crm.qa.testcasespack.HomePageTest@3551a94]" name="tearDown" is-config="true" duration-ms="868" started-at="2019-04-24T07:11:17Z" finished-at="2019-04-24T07:11:18Z">
          <reporter-output>
          </reporter-output>
        </test-method> <!-- tearDown -->
        <test-method status="PASS" signature="setUp()[pri:0, instance:com.crm.qa.testcasespack.HomePageTest@3551a94]" name="setUp" is-config="true" duration-ms="10442" started-at="2019-04-24T07:11:18Z" finished-at="2019-04-24T07:11:29Z">
          <reporter-output>
          </reporter-output>
        </test-method> <!-- setUp -->
        <test-method status="PASS" signature="validateSalesPipeline()[pri:0, instance:com.crm.qa.testcasespack.HomePageTest@3551a94]" name="validateSalesPipeline" duration-ms="3205" started-at="2019-04-24T07:11:29Z" finished-at="2019-04-24T07:11:32Z">
          <reporter-output>
          </reporter-output>
        </test-method> <!-- validateSalesPipeline -->
        <test-method status="PASS" signature="tearDown()[pri:0, instance:com.crm.qa.testcasespack.HomePageTest@3551a94]" name="tearDown" is-config="true" duration-ms="745" started-at="2019-04-24T07:11:32Z" finished-at="2019-04-24T07:11:33Z">
          <reporter-output>
          </reporter-output>
        </test-method> <!-- tearDown -->
        <test-method status="PASS" signature="setUp()[pri:0, instance:com.crm.qa.testcasespack.HomePageTest@3551a94]" name="setUp" is-config="true" duration-ms="10361" started-at="2019-04-24T07:11:33Z" finished-at="2019-04-24T07:11:43Z">
          <reporter-output>
          </reporter-output>
        </test-method> <!-- setUp -->
        <test-method status="PASS" signature="validatedashBoardButton()[pri:0, instance:com.crm.qa.testcasespack.HomePageTest@3551a94]" name="validatedashBoardButton" duration-ms="385" started-at="2019-04-24T07:11:43Z" finished-at="2019-04-24T07:11:43Z">
          <reporter-output>
          </reporter-output>
        </test-method> <!-- validatedashBoardButton -->
        <test-method status="PASS" signature="tearDown()[pri:0, instance:com.crm.qa.testcasespack.HomePageTest@3551a94]" name="tearDown" is-config="true" duration-ms="795" started-at="2019-04-24T07:11:43Z" finished-at="2019-04-24T07:11:44Z">
          <reporter-output>
          </reporter-output>
        </test-method> <!-- tearDown -->
      </class> <!-- com.crm.qa.testcasespack.HomePageTest -->
      <class name="com.crm.qa.testcasespack.AddTaskPageTest">
        <test-method status="PASS" signature="setUp()[pri:0, instance:com.crm.qa.testcasespack.AddTaskPageTest@531be3c5]" name="setUp" is-config="true" duration-ms="10592" started-at="2019-04-24T07:11:46Z" finished-at="2019-04-24T07:11:57Z">
          <reporter-output>
          </reporter-output>
        </test-method> <!-- setUp -->
        <test-method status="PASS" signature="submitAddTask(java.lang.String, java.lang.String, java.lang.String, java.lang.String, java.lang.String)[pri:0, instance:com.crm.qa.testcasespack.AddTaskPageTest@531be3c5]" name="submitAddTask" duration-ms="7473" started-at="2019-04-24T07:11:57Z" data-provider="getCRMTestData" finished-at="2019-04-24T07:12:04Z">
          <params>
            <param index="0">
              <value>
                <![CDATA[rahul]]>
              </value>
            </param>
            <param index="1">
              <value>
                <![CDATA[23-Dec-2019]]>
              </value>
            </param>
            <param index="2">
              <value>
                <![CDATA[11.0]]>
              </value>
            </param>
            <param index="3">
              <value>
                <![CDATA[5.0]]>
              </value>
            </param>
            <param index="4">
              <value>
                <![CDATA[Call]]>
              </value>
            </param>
          </params>
          <reporter-output>
          </reporter-output>
        </test-method> <!-- submitAddTask -->
        <test-method status="PASS" signature="tearDown()[pri:0, instance:com.crm.qa.testcasespack.AddTaskPageTest@531be3c5]" name="tearDown" is-config="true" duration-ms="781" started-at="2019-04-24T07:12:04Z" finished-at="2019-04-24T07:12:05Z">
          <reporter-output>
          </reporter-output>
        </test-method> <!-- tearDown -->
        <test-method status="PASS" signature="setUp()[pri:0, instance:com.crm.qa.testcasespack.AddTaskPageTest@531be3c5]" name="setUp" is-config="true" duration-ms="10411" started-at="2019-04-24T07:12:05Z" finished-at="2019-04-24T07:12:15Z">
          <reporter-output>
          </reporter-output>
        </test-method> <!-- setUp -->
        <test-method status="PASS" signature="submitAddTask(java.lang.String, java.lang.String, java.lang.String, java.lang.String, java.lang.String)[pri:0, instance:com.crm.qa.testcasespack.AddTaskPageTest@531be3c5]" name="submitAddTask" duration-ms="8686" started-at="2019-04-24T07:12:15Z" data-provider="getCRMTestData" finished-at="2019-04-24T07:12:24Z">
          <params>
            <param index="0">
              <value>
                <![CDATA[rama]]>
              </value>
            </param>
            <param index="1">
              <value>
                <![CDATA[24-Oct-2019]]>
              </value>
            </param>
            <param index="2">
              <value>
                <![CDATA[6.0]]>
              </value>
            </param>
            <param index="3">
              <value>
                <![CDATA[10.0]]>
              </value>
            </param>
            <param index="4">
              <value>
                <![CDATA[Email]]>
              </value>
            </param>
          </params>
          <reporter-output>
          </reporter-output>
        </test-method> <!-- submitAddTask -->
        <test-method status="PASS" signature="tearDown()[pri:0, instance:com.crm.qa.testcasespack.AddTaskPageTest@531be3c5]" name="tearDown" is-config="true" duration-ms="875" started-at="2019-04-24T07:12:24Z" finished-at="2019-04-24T07:12:25Z">
          <reporter-output>
          </reporter-output>
        </test-method> <!-- tearDown -->
        <test-method status="PASS" signature="setUp()[pri:0, instance:com.crm.qa.testcasespack.AddTaskPageTest@531be3c5]" name="setUp" is-config="true" duration-ms="10270" started-at="2019-04-24T07:12:25Z" finished-at="2019-04-24T07:12:35Z">
          <reporter-output>
          </reporter-output>
        </test-method> <!-- setUp -->
        <test-method status="PASS" signature="submitAddTask(java.lang.String, java.lang.String, java.lang.String, java.lang.String, java.lang.String)[pri:0, instance:com.crm.qa.testcasespack.AddTaskPageTest@531be3c5]" name="submitAddTask" duration-ms="7240" started-at="2019-04-24T07:12:35Z" data-provider="getCRMTestData" finished-at="2019-04-24T07:12:43Z">
          <params>
            <param index="0">
              <value>
                <![CDATA[hanu]]>
              </value>
            </param>
            <param index="1">
              <value>
                <![CDATA[18-Nov-2019]]>
              </value>
            </param>
            <param index="2">
              <value>
                <![CDATA[18.0]]>
              </value>
            </param>
            <param index="3">
              <value>
                <![CDATA[15.0]]>
              </value>
            </param>
            <param index="4">
              <value>
                <![CDATA[Milestone]]>
              </value>
            </param>
          </params>
          <reporter-output>
          </reporter-output>
        </test-method> <!-- submitAddTask -->
        <test-method status="PASS" signature="tearDown()[pri:0, instance:com.crm.qa.testcasespack.AddTaskPageTest@531be3c5]" name="tearDown" is-config="true" duration-ms="713" started-at="2019-04-24T07:12:43Z" finished-at="2019-04-24T07:12:43Z">
          <reporter-output>
          </reporter-output>
        </test-method> <!-- tearDown -->
      </class> <!-- com.crm.qa.testcasespack.AddTaskPageTest -->
      <class name="com.crm.qa.testcasespack.PeopleAndOrganisationsTest">
        <test-method status="PASS" signature="setUp()[pri:0, instance:com.crm.qa.testcasespack.PeopleAndOrganisationsTest@52af6cff]" name="setUp" is-config="true" duration-ms="11300" started-at="2019-04-24T07:12:43Z" finished-at="2019-04-24T07:12:55Z">
          <reporter-output>
          </reporter-output>
        </test-method> <!-- setUp -->
        <test-method status="PASS" signature="validateAddPerson()[pri:0, instance:com.crm.qa.testcasespack.PeopleAndOrganisationsTest@52af6cff]" name="validateAddPerson" duration-ms="3139" started-at="2019-04-24T07:12:55Z" finished-at="2019-04-24T07:12:58Z">
          <reporter-output>
          </reporter-output>
        </test-method> <!-- validateAddPerson -->
        <test-method status="PASS" signature="tearDown()[pri:0, instance:com.crm.qa.testcasespack.PeopleAndOrganisationsTest@52af6cff]" name="tearDown" is-config="true" duration-ms="703" started-at="2019-04-24T07:12:58Z" finished-at="2019-04-24T07:12:58Z">
          <reporter-output>
          </reporter-output>
        </test-method> <!-- tearDown -->
      </class> <!-- com.crm.qa.testcasespack.PeopleAndOrganisationsTest -->
    </test> <!-- Test -->
  </suite> <!-- Suite -->
</testng-results>
