<?xml version="1.0" encoding="UTF-8"?>
<testsuite xmlns:xsi="http://www.w3.org/2001/XMLSchema-instance" xsi:noNamespaceSchemaLocation="https://maven.apache.org/surefire/maven-surefire-plugin/xsd/surefire-test-report.xsd" name="TestSuite" time="381.945" tests="14" errors="0" skipped="0" failures="0">
  <properties>
[...]
</properties>
  <testcase name="validateAddText" classname="com.crm.qa.testcasespack.HomePageTest" time="0.788"/>
  <testcase name="validateCalendarAndTasks" classname="com.crm.qa.testcasespack.HomePageTest" time="3.004"/>
  <testcase name="validateCases" classname="com.crm.qa.testcasespack.HomePageTest" time="2.659"/>
  <testcase name="validatePeopleAndOrganisations" classname="com.crm.qa.testcasespack.HomePageTest" time="2.541"/>
  <testcase name="validateSalesPipeline" classname="com.crm.qa.testcasespack.HomePageTest" time="2.599"/>
  <testcase name="validatedashBoardButton" classname="com.crm.qa.testcasespack.HomePageTest" time="0.438"/>
  <testcase name="submitAddTask" classname="com.crm.qa.testcasespack.AddTaskPageTest" time="11.002"/>
  <testcase name="submitAddTask" classname="com.crm.qa.testcasespack.AddTaskPageTest" time="9.665"/>
  <testcase name="submitAddTask" classname="com.crm.qa.testcasespack.AddTaskPageTest" time="11.07"/>
  <testcase name="addNewPersonTest" classname="com.crm.qa.testcasespack.PeopleAndOrganisationsTest" time="23.242"/>
  <testcase name="addNewPersonTest" classname="com.crm.qa.testcasespack.PeopleAndOrganisationsTest" time="33.665"/>
  <testcase name="addNewPersonTest" classname="com.crm.qa.testcasespack.PeopleAndOrganisationsTest" time="15.998"/>
  <testcase name="addNewPersonTest" classname="com.crm.qa.testcasespack.PeopleAndOrganisationsTest" time="15.913"/>
  <testcase name="validateAddPerson" classname="com.crm.qa.testcasespack.PeopleAndOrganisationsTest" time="4.492"/>
</testsuite>