<?xml version="1.0" encoding="UTF-8"?>
<testng-results skipped="0" failed="0" total="6" passed="6">
  <reporter-output>
  </reporter-output>
  <suite name="Default suite" duration-ms="83750" started-at="2019-05-10T10:13:20Z" finished-at="2019-05-10T10:14:43Z">
    <groups>
    </groups>
    <test name="Default test" duration-ms="83750" started-at="2019-05-10T10:13:20Z" finished-at="2019-05-10T10:14:43Z">
      <class name="com.crm.qa.testcasespack.HomePageTest">
        <test-method status="PASS" signature="setUp()[pri:0, instance:com.crm.qa.testcasespack.HomePageTest@3cb5cdba]" name="setUp" is-config="true" duration-ms="14719" started-at="2019-05-10T15:43:20Z" finished-at="2019-05-10T15:43:35Z">
          <reporter-output>
          </reporter-output>
        </test-method> <!-- setUp -->
        <test-method status="PASS" signature="validateAddText()[pri:0, instance:com.crm.qa.testcasespack.HomePageTest@3cb5cdba]" name="validateAddText" duration-ms="439" started-at="2019-05-10T15:43:35Z" finished-at="2019-05-10T15:43:35Z">
          <reporter-output>
          </reporter-output>
        </test-method> <!-- validateAddText -->
        <test-method status="PASS" signature="tearDown()[pri:0, instance:com.crm.qa.testcasespack.HomePageTest@3cb5cdba]" name="tearDown" is-config="true" duration-ms="809" started-at="2019-05-10T15:43:35Z" finished-at="2019-05-10T15:43:36Z">
          <reporter-output>
          </reporter-output>
        </test-method> <!-- tearDown -->
        <test-method status="PASS" signature="setUp()[pri:0, instance:com.crm.qa.testcasespack.HomePageTest@3cb5cdba]" name="setUp" is-config="true" duration-ms="11138" started-at="2019-05-10T15:43:36Z" finished-at="2019-05-10T15:43:47Z">
          <reporter-output>
          </reporter-output>
        </test-method> <!-- setUp -->
        <test-method status="PASS" signature="validateCalendarAndTasks()[pri:0, instance:com.crm.qa.testcasespack.HomePageTest@3cb5cdba]" name="validateCalendarAndTasks" duration-ms="2480" started-at="2019-05-10T15:43:47Z" finished-at="2019-05-10T15:43:50Z">
          <reporter-output>
          </reporter-output>
        </test-method> <!-- validateCalendarAndTasks -->
        <test-method status="PASS" signature="tearDown()[pri:0, instance:com.crm.qa.testcasespack.HomePageTest@3cb5cdba]" name="tearDown" is-config="true" duration-ms="1175" started-at="2019-05-10T15:43:50Z" finished-at="2019-05-10T15:43:51Z">
          <reporter-output>
          </reporter-output>
        </test-method> <!-- tearDown -->
        <test-method status="PASS" signature="setUp()[pri:0, instance:com.crm.qa.testcasespack.HomePageTest@3cb5cdba]" name="setUp" is-config="true" duration-ms="9615" started-at="2019-05-10T15:43:51Z" finished-at="2019-05-10T15:44:00Z">
          <reporter-output>
          </reporter-output>
        </test-method> <!-- setUp -->
        <test-method status="PASS" signature="validateCases()[pri:0, instance:com.crm.qa.testcasespack.HomePageTest@3cb5cdba]" name="validateCases" duration-ms="2415" started-at="2019-05-10T15:44:00Z" finished-at="2019-05-10T15:44:03Z">
          <reporter-output>
          </reporter-output>
        </test-method> <!-- validateCases -->
        <test-method status="PASS" signature="tearDown()[pri:0, instance:com.crm.qa.testcasespack.HomePageTest@3cb5cdba]" name="tearDown" is-config="true" duration-ms="719" started-at="2019-05-10T15:44:03Z" finished-at="2019-05-10T15:44:03Z">
          <reporter-output>
          </reporter-output>
        </test-method> <!-- tearDown -->
        <test-method status="PASS" signature="setUp()[pri:0, instance:com.crm.qa.testcasespack.HomePageTest@3cb5cdba]" name="setUp" is-config="true" duration-ms="9783" started-at="2019-05-10T15:44:03Z" finished-at="2019-05-10T15:44:13Z">
          <reporter-output>
          </reporter-output>
        </test-method> <!-- setUp -->
        <test-method status="PASS" signature="validatePeopleAndOrganisations()[pri:0, instance:com.crm.qa.testcasespack.HomePageTest@3cb5cdba]" name="validatePeopleAndOrganisations" duration-ms="2417" started-at="2019-05-10T15:44:13Z" finished-at="2019-05-10T15:44:16Z">
          <reporter-output>
          </reporter-output>
        </test-method> <!-- validatePeopleAndOrganisations -->
        <test-method status="PASS" signature="tearDown()[pri:0, instance:com.crm.qa.testcasespack.HomePageTest@3cb5cdba]" name="tearDown" is-config="true" duration-ms="722" started-at="2019-05-10T15:44:16Z" finished-at="2019-05-10T15:44:16Z">
          <reporter-output>
          </reporter-output>
        </test-method> <!-- tearDown -->
        <test-method status="PASS" signature="setUp()[pri:0, instance:com.crm.qa.testcasespack.HomePageTest@3cb5cdba]" name="setUp" is-config="true" duration-ms="10666" started-at="2019-05-10T15:44:16Z" finished-at="2019-05-10T15:44:27Z">
          <reporter-output>
          </reporter-output>
        </test-method> <!-- setUp -->
        <test-method status="PASS" signature="validateSalesPipeline()[pri:0, instance:com.crm.qa.testcasespack.HomePageTest@3cb5cdba]" name="validateSalesPipeline" duration-ms="2495" started-at="2019-05-10T15:44:27Z" finished-at="2019-05-10T15:44:30Z">
          <reporter-output>
          </reporter-output>
        </test-method> <!-- validateSalesPipeline -->
        <test-method status="PASS" signature="tearDown()[pri:0, instance:com.crm.qa.testcasespack.HomePageTest@3cb5cdba]" name="tearDown" is-config="true" duration-ms="735" started-at="2019-05-10T15:44:30Z" finished-at="2019-05-10T15:44:30Z">
          <reporter-output>
          </reporter-output>
        </test-method> <!-- tearDown -->
        <test-method status="PASS" signature="setUp()[pri:0, instance:com.crm.qa.testcasespack.HomePageTest@3cb5cdba]" name="setUp" is-config="true" duration-ms="11975" started-at="2019-05-10T15:44:30Z" finished-at="2019-05-10T15:44:42Z">
          <reporter-output>
          </reporter-output>
        </test-method> <!-- setUp -->
        <test-method status="PASS" signature="validatedashBoardButton()[pri:0, instance:com.crm.qa.testcasespack.HomePageTest@3cb5cdba]" name="validatedashBoardButton" duration-ms="275" started-at="2019-05-10T15:44:42Z" finished-at="2019-05-10T15:44:43Z">
          <reporter-output>
          </reporter-output>
        </test-method> <!-- validatedashBoardButton -->
        <test-method status="PASS" signature="tearDown()[pri:0, instance:com.crm.qa.testcasespack.HomePageTest@3cb5cdba]" name="tearDown" is-config="true" duration-ms="904" started-at="2019-05-10T15:44:43Z" finished-at="2019-05-10T15:44:43Z">
          <reporter-output>
          </reporter-output>
        </test-method> <!-- tearDown -->
      </class> <!-- com.crm.qa.testcasespack.HomePageTest -->
    </test> <!-- Default test -->
  </suite> <!-- Default suite -->
</testng-results>
